Arguments: 
  C:\Program Files\nodejs\node.exe C:\Users\Ridhanya Xerox\AppData\Roaming\npm\node_modules\yarn\bin\yarn.js -g json-server

PATH: 
  C:\Program Files (x86)\Common Files\Intel\Shared Files\cpp\bin\Intel64;C:\Windows\system32;C:\Windows;C:\Windows\System32\Wbem;C:\Windows\System32\WindowsPowerShell\v1.0\;C:\Program Files\nodejs\;C:\Program Files\Git\cmd;;C:\Program Files\Microsoft VS Code\bin;C:\Users\Ridhanya Xerox\AppData\Roaming\npm

Yarn version: 
  1.5.1

Node version: 
  8.9.4

Platform: 
  win32 x64

npm manifest: 
  {
    "name": "react-estore-fake-api",
    "version": "1.0.0",
    "description": "",
    "main": "index.js",
    "scripts": {
      "test": "echo \"Error: no test specified\" && exit 1",
      "start": "json-server --watch db.json --port 4000"
    },
    "keywords": [],
    "author": "",
    "license": "ISC",
    "dependencies": {
      "json-server": "^0.12.1"
    }
  }

yarn manifest: 
  No manifest

Lockfile: 
  No lockfile

Trace: 
  Error: Command "yes" not found.
      at new MessageError (C:\Users\Ridhanya Xerox\AppData\Roaming\npm\node_modules\yarn\lib\cli.js:186:110)
      at C:\Users\Ridhanya Xerox\AppData\Roaming\npm\node_modules\yarn\lib\cli.js:87307:17
      at Generator.next (<anonymous>)
      at step (C:\Users\Ridhanya Xerox\AppData\Roaming\npm\node_modules\yarn\lib\cli.js:98:30)
      at C:\Users\Ridhanya Xerox\AppData\Roaming\npm\node_modules\yarn\lib\cli.js:116:14
      at new Promise (<anonymous>)
      at new F (C:\Users\Ridhanya Xerox\AppData\Roaming\npm\node_modules\yarn\lib\cli.js:23451:28)
      at C:\Users\Ridhanya Xerox\AppData\Roaming\npm\node_modules\yarn\lib\cli.js:95:12
      at runCommand (C:\Users\Ridhanya Xerox\AppData\Roaming\npm\node_modules\yarn\lib\cli.js:87312:22)
      at C:\Users\Ridhanya Xerox\AppData\Roaming\npm\node_modules\yarn\lib\cli.js:87403:18
